<?xml version="1.0" encoding="UTF-8"?>
<coverage generated="1761267894945" clover="3.2.0">
  <project timestamp="1761267894946" name="All files">
    <metrics statements="12" coveredstatements="12" conditionals="10" coveredconditionals="10" methods="4" coveredmethods="4" elements="26" coveredelements="26" complexity="0" loc="12" ncloc="12" packages="3" files="5" classes="5"/>
    <package name="entities.video.ui.VideoCard">
      <metrics statements="7" coveredstatements="7" conditionals="8" coveredconditionals="8" methods="2" coveredmethods="2"/>
      <file name="VideoCard.jsx" path="C:\Users\sungwook hong\Desktop\project\github\react-youtube-practice\src\entities\video\ui\VideoCard\VideoCard.jsx">
        <metrics statements="7" coveredstatements="7" conditionals="8" coveredconditionals="8" methods="2" coveredmethods="2"/>
        <line num="6" count="3" type="stmt"/>
        <line num="7" count="3" type="stmt"/>
        <line num="8" count="3" type="stmt"/>
        <line num="10" count="3" type="stmt"/>
        <line num="11" count="1" type="stmt"/>
        <line num="12" count="1" type="stmt"/>
        <line num="15" count="3" type="stmt"/>
      </file>
      <file name="VideoCard.module.css" path="C:\Users\sungwook hong\Desktop\project\github\react-youtube-practice\src\entities\video\ui\VideoCard\VideoCard.module.css">
        <metrics statements="0" coveredstatements="0" conditionals="0" coveredconditionals="0" methods="0" coveredmethods="0"/>
      </file>
    </package>
    <package name="shared.lib.timeago">
      <metrics statements="2" coveredstatements="2" conditionals="1" coveredconditionals="1" methods="1" coveredmethods="1"/>
      <file name="index.js" path="C:\Users\sungwook hong\Desktop\project\github\react-youtube-practice\src\shared\lib\timeago\index.js">
        <metrics statements="2" coveredstatements="2" conditionals="1" coveredconditionals="1" methods="1" coveredmethods="1"/>
        <line num="4" count="1" type="stmt"/>
        <line num="7" count="3" type="stmt"/>
      </file>
    </package>
    <package name="test">
      <metrics statements="3" coveredstatements="3" conditionals="1" coveredconditionals="1" methods="1" coveredmethods="1"/>
      <file name="utils.jsx" path="C:\Users\sungwook hong\Desktop\project\github\react-youtube-practice\src\test\utils.jsx">
        <metrics statements="1" coveredstatements="1" conditionals="1" coveredconditionals="1" methods="1" coveredmethods="1"/>
        <line num="4" count="3" type="stmt"/>
      </file>
      <file name="videos.js" path="C:\Users\sungwook hong\Desktop\project\github\react-youtube-practice\src\test\videos.js">
        <metrics statements="2" coveredstatements="2" conditionals="0" coveredconditionals="0" methods="0" coveredmethods="0"/>
        <line num="2" count="1" type="stmt"/>
        <line num="17" count="1" type="stmt"/>
      </file>
    </package>
  </project>
</coverage>
