<?xml version="1.0" encoding="UTF-8"?>
<coverage generated="1762391655908" clover="3.2.0">
  <project timestamp="1762391655908" name="All files">
    <metrics statements="106" coveredstatements="65" conditionals="29" coveredconditionals="22" methods="57" coveredmethods="22" elements="192" coveredelements="109" complexity="0" loc="106" ncloc="106" packages="10" files="18" classes="18"/>
    <package name="app.context">
      <metrics statements="2" coveredstatements="2" conditionals="0" coveredconditionals="0" methods="1" coveredmethods="1"/>
      <file name="YoutubeApiContext.jsx" path="C:\Users\sungwook hong\Desktop\project\github\react-youtube-practice\src\app\context\YoutubeApiContext.jsx">
        <metrics statements="2" coveredstatements="2" conditionals="0" coveredconditionals="0" methods="1" coveredmethods="1"/>
        <line num="3" count="3" type="stmt"/>
        <line num="6" count="21" type="stmt"/>
      </file>
    </package>
    <package name="app.provider">
      <metrics statements="20" coveredstatements="16" conditionals="6" coveredconditionals="4" methods="5" coveredmethods="4"/>
      <file name="YoutubeApiProvider.jsx" path="C:\Users\sungwook hong\Desktop\project\github\react-youtube-practice\src\app\provider\YoutubeApiProvider.jsx">
        <metrics statements="20" coveredstatements="16" conditionals="6" coveredconditionals="4" methods="5" coveredmethods="4"/>
        <line num="8" count="3" type="stmt"/>
        <line num="9" count="3" type="stmt"/>
        <line num="12" count="6" type="stmt"/>
        <line num="13" count="6" type="stmt"/>
        <line num="14" count="0" type="stmt"/>
        <line num="15" count="0" type="stmt"/>
        <line num="18" count="6" type="stmt"/>
        <line num="19" count="6" type="stmt"/>
        <line num="20" count="6" type="stmt"/>
        <line num="23" count="6" type="stmt"/>
        <line num="30" count="3" type="stmt"/>
        <line num="31" count="6" type="cond" truecount="1" falsecount="1"/>
        <line num="32" count="6" type="cond" truecount="2" falsecount="0"/>
        <line num="34" count="2" type="stmt"/>
        <line num="37" count="3" type="stmt"/>
        <line num="38" count="6" type="cond" truecount="1" falsecount="1"/>
        <line num="39" count="0" type="stmt"/>
        <line num="40" count="0" type="stmt"/>
        <line num="43" count="6" type="stmt"/>
        <line num="44" count="6" type="stmt"/>
      </file>
    </package>
    <package name="entities.video.ui.ChannelInfo">
      <metrics statements="4" coveredstatements="4" conditionals="2" coveredconditionals="2" methods="2" coveredmethods="2"/>
      <file name="ChannelInfo.jsx" path="C:\Users\sungwook hong\Desktop\project\github\react-youtube-practice\src\entities\video\ui\ChannelInfo\ChannelInfo.jsx">
        <metrics statements="4" coveredstatements="4" conditionals="2" coveredconditionals="2" methods="2" coveredmethods="2"/>
        <line num="6" count="5" type="stmt"/>
        <line num="7" count="5" type="stmt"/>
        <line num="9" count="3" type="stmt"/>
        <line num="12" count="5" type="stmt"/>
      </file>
      <file name="ChannelInfo.module.css" path="C:\Users\sungwook hong\Desktop\project\github\react-youtube-practice\src\entities\video\ui\ChannelInfo\ChannelInfo.module.css">
        <metrics statements="0" coveredstatements="0" conditionals="0" coveredconditionals="0" methods="0" coveredmethods="0"/>
      </file>
    </package>
    <package name="entities.video.ui.VideoCard">
      <metrics statements="7" coveredstatements="7" conditionals="8" coveredconditionals="8" methods="2" coveredmethods="2"/>
      <file name="VideoCard.jsx" path="C:\Users\sungwook hong\Desktop\project\github\react-youtube-practice\src\entities\video\ui\VideoCard\VideoCard.jsx">
        <metrics statements="7" coveredstatements="7" conditionals="8" coveredconditionals="8" methods="2" coveredmethods="2"/>
        <line num="6" count="3" type="stmt"/>
        <line num="7" count="3" type="stmt"/>
        <line num="8" count="3" type="stmt"/>
        <line num="10" count="3" type="stmt"/>
        <line num="11" count="1" type="stmt"/>
        <line num="12" count="1" type="stmt"/>
        <line num="15" count="3" type="stmt"/>
      </file>
      <file name="VideoCard.module.css" path="C:\Users\sungwook hong\Desktop\project\github\react-youtube-practice\src\entities\video\ui\VideoCard\VideoCard.module.css">
        <metrics statements="0" coveredstatements="0" conditionals="0" coveredconditionals="0" methods="0" coveredmethods="0"/>
      </file>
    </package>
    <package name="features.api">
      <metrics statements="27" coveredstatements="2" conditionals="2" coveredconditionals="0" methods="29" coveredmethods="2"/>
      <file name="fakeYoutubeClient.js" path="C:\Users\sungwook hong\Desktop\project\github\react-youtube-practice\src\features\api\fakeYoutubeClient.js">
        <metrics statements="5" coveredstatements="0" conditionals="0" coveredconditionals="0" methods="5" coveredmethods="0"/>
        <line num="5" count="0" type="stmt"/>
        <line num="9" count="0" type="stmt"/>
        <line num="13" count="0" type="stmt"/>
        <line num="17" count="0" type="stmt"/>
        <line num="21" count="0" type="stmt"/>
      </file>
      <file name="youtube.js" path="C:\Users\sungwook hong\Desktop\project\github\react-youtube-practice\src\features\api\youtube.js">
        <metrics statements="16" coveredstatements="1" conditionals="2" coveredconditionals="0" methods="18" coveredmethods="1"/>
        <line num="3" count="3" type="stmt"/>
        <line num="8" count="0" type="cond" truecount="0" falsecount="2"/>
        <line num="12" count="0" type="stmt"/>
        <line num="20" count="0" type="stmt"/>
        <line num="24" count="0" type="stmt"/>
        <line num="35" count="0" type="stmt"/>
        <line num="36" count="0" type="stmt"/>
        <line num="40" count="0" type="stmt"/>
        <line num="50" count="0" type="stmt"/>
        <line num="55" count="0" type="stmt"/>
        <line num="63" count="0" type="stmt"/>
        <line num="68" count="0" type="stmt"/>
        <line num="78" count="0" type="stmt"/>
        <line num="79" count="0" type="stmt"/>
        <line num="83" count="0" type="stmt"/>
        <line num="92" count="0" type="stmt"/>
      </file>
      <file name="youtubeClient.js" path="C:\Users\sungwook hong\Desktop\project\github\react-youtube-practice\src\features\api\youtubeClient.js">
        <metrics statements="6" coveredstatements="1" conditionals="0" coveredconditionals="0" methods="6" coveredmethods="1"/>
        <line num="5" count="3" type="stmt"/>
        <line num="12" count="0" type="stmt"/>
        <line num="16" count="0" type="stmt"/>
        <line num="20" count="0" type="stmt"/>
        <line num="24" count="0" type="stmt"/>
        <line num="28" count="0" type="stmt"/>
      </file>
    </package>
    <package name="shared.lib.timeago">
      <metrics statements="2" coveredstatements="2" conditionals="1" coveredconditionals="1" methods="1" coveredmethods="1"/>
      <file name="index.js" path="C:\Users\sungwook hong\Desktop\project\github\react-youtube-practice\src\shared\lib\timeago\index.js">
        <metrics statements="2" coveredstatements="2" conditionals="1" coveredconditionals="1" methods="1" coveredmethods="1"/>
        <line num="4" count="1" type="stmt"/>
        <line num="7" count="3" type="stmt"/>
      </file>
    </package>
    <package name="shared.ui.header">
      <metrics statements="32" coveredstatements="21" conditionals="6" coveredconditionals="3" methods="11" coveredmethods="6"/>
      <file name="Header.jsx" path="C:\Users\sungwook hong\Desktop\project\github\react-youtube-practice\src\shared\ui\header\Header.jsx">
        <metrics statements="32" coveredstatements="21" conditionals="6" coveredconditionals="3" methods="11" coveredmethods="6"/>
        <line num="10" count="17" type="stmt"/>
        <line num="11" count="17" type="stmt"/>
        <line num="12" count="17" type="stmt"/>
        <line num="13" count="17" type="stmt"/>
        <line num="15" count="17" type="stmt"/>
        <line num="16" count="3" type="cond" truecount="2" falsecount="0"/>
        <line num="19" count="17" type="stmt"/>
        <line num="21" count="17" type="stmt"/>
        <line num="22" count="17" type="stmt"/>
        <line num="23" count="17" type="stmt"/>
        <line num="25" count="17" type="stmt"/>
        <line num="26" count="0" type="stmt"/>
        <line num="27" count="0" type="stmt"/>
        <line num="28" count="0" type="stmt"/>
        <line num="31" count="17" type="stmt"/>
        <line num="32" count="0" type="cond" truecount="0" falsecount="2"/>
        <line num="33" count="0" type="stmt"/>
        <line num="34" count="0" type="stmt"/>
        <line num="35" count="0" type="stmt"/>
        <line num="36" count="0" type="stmt"/>
        <line num="39" count="17" type="stmt"/>
        <line num="40" count="0" type="stmt"/>
        <line num="43" count="17" type="stmt"/>
        <line num="44" count="1" type="stmt"/>
        <line num="45" count="1" type="stmt"/>
        <line num="48" count="17" type="stmt"/>
        <line num="61" count="12" type="stmt"/>
        <line num="80" count="136" type="stmt"/>
        <line num="83" count="0" type="stmt"/>
        <line num="92" count="0" type="stmt"/>
        <line num="99" count="1" type="stmt"/>
        <line num="100" count="17" type="stmt"/>
      </file>
      <file name="Header.module.css" path="C:\Users\sungwook hong\Desktop\project\github\react-youtube-practice\src\shared\ui\header\Header.module.css">
        <metrics statements="0" coveredstatements="0" conditionals="0" coveredconditionals="0" methods="0" coveredmethods="0"/>
      </file>
    </package>
    <package name="shared.ui.popup">
      <metrics statements="1" coveredstatements="0" conditionals="0" coveredconditionals="0" methods="1" coveredmethods="0"/>
      <file name="Popup.jsx" path="C:\Users\sungwook hong\Desktop\project\github\react-youtube-practice\src\shared\ui\popup\Popup.jsx">
        <metrics statements="1" coveredstatements="0" conditionals="0" coveredconditionals="0" methods="1" coveredmethods="0"/>
        <line num="4" count="0" type="stmt"/>
      </file>
      <file name="Popup.module.css" path="C:\Users\sungwook hong\Desktop\project\github\react-youtube-practice\src\shared\ui\popup\Popup.module.css">
        <metrics statements="0" coveredstatements="0" conditionals="0" coveredconditionals="0" methods="0" coveredmethods="0"/>
      </file>
    </package>
    <package name="shared.ui.theme">
      <metrics statements="2" coveredstatements="2" conditionals="0" coveredconditionals="0" methods="1" coveredmethods="1"/>
      <file name="Theme.jsx" path="C:\Users\sungwook hong\Desktop\project\github\react-youtube-practice\src\shared\ui\theme\Theme.jsx">
        <metrics statements="2" coveredstatements="2" conditionals="0" coveredconditionals="0" methods="1" coveredmethods="1"/>
        <line num="5" count="16" type="stmt"/>
        <line num="7" count="16" type="stmt"/>
      </file>
      <file name="Theme.module.css" path="C:\Users\sungwook hong\Desktop\project\github\react-youtube-practice\src\shared\ui\theme\Theme.module.css">
        <metrics statements="0" coveredstatements="0" conditionals="0" coveredconditionals="0" methods="0" coveredmethods="0"/>
      </file>
    </package>
    <package name="test">
      <metrics statements="9" coveredstatements="9" conditionals="4" coveredconditionals="4" methods="4" coveredmethods="3"/>
      <file name="utils.jsx" path="C:\Users\sungwook hong\Desktop\project\github\react-youtube-practice\src\test\utils.jsx">
        <metrics statements="7" coveredstatements="7" conditionals="4" coveredconditionals="4" methods="4" coveredmethods="3"/>
        <line num="8" count="9" type="stmt"/>
        <line num="14" count="9" type="cond" truecount="2" falsecount="0"/>
        <line num="15" count="3" type="stmt"/>
        <line num="22" count="6" type="stmt"/>
        <line num="26" count="3" type="stmt"/>
        <line num="27" count="3" type="stmt"/>
        <line num="35" count="3" type="stmt"/>
      </file>
      <file name="videos.js" path="C:\Users\sungwook hong\Desktop\project\github\react-youtube-practice\src\test\videos.js">
        <metrics statements="2" coveredstatements="2" conditionals="0" coveredconditionals="0" methods="0" coveredmethods="0"/>
        <line num="2" count="1" type="stmt"/>
        <line num="17" count="1" type="stmt"/>
      </file>
    </package>
  </project>
</coverage>
