{"C:\\Users\\sungwook hong\\Desktop\\project\\github\\react-youtube-practice\\src\\entities\\video\\ui\\VideoCard\\VideoCard.jsx": {"path":"C:\\Users\\sungwook hong\\Desktop\\project\\github\\react-youtube-practice\\src\\entities\\video\\ui\\VideoCard\\VideoCard.jsx","statementMap":{"0":{"start":{"line":6,"column":59},"end":{"line":6,"column":null}},"1":{"start":{"line":7,"column":8},"end":{"line":7,"column":null}},"2":{"start":{"line":8,"column":21},"end":{"line":8,"column":null}},"3":{"start":{"line":10,"column":22},"end":{"line":13,"column":null}},"4":{"start":{"line":11,"column":4},"end":{"line":11,"column":null}},"5":{"start":{"line":12,"column":4},"end":{"line":12,"column":null}},"6":{"start":{"line":15,"column":2},"end":{"line":48,"column":null}}},"fnMap":{"0":{"name":"VideoCard","decl":{"start":{"line":5,"column":24},"end":{"line":5,"column":34}},"loc":{"start":{"line":5,"column":51},"end":{"line":50,"column":null}},"line":5},"1":{"name":"(anonymous_1)","decl":{"start":{"line":10,"column":22},"end":{"line":10,"column":23}},"loc":{"start":{"line":10,"column":29},"end":{"line":13,"column":null}},"line":10}},"branchMap":{"0":{"loc":{"start":{"line":17,"column":17},"end":{"line":17,"column":null}},"type":"cond-expr","locations":[{"start":{"line":17,"column":30},"end":{"line":17,"column":56}},{"start":{"line":17,"column":56},"end":{"line":17,"column":null}}],"line":17},"1":{"loc":{"start":{"line":22,"column":10},"end":{"line":22,"column":null}},"type":"cond-expr","locations":[{"start":{"line":22,"column":23},"end":{"line":22,"column":55}},{"start":{"line":22,"column":55},"end":{"line":22,"column":null}}],"line":22},"2":{"loc":{"start":{"line":29,"column":10},"end":{"line":31,"column":null}},"type":"cond-expr","locations":[{"start":{"line":30,"column":14},"end":{"line":30,"column":null}},{"start":{"line":31,"column":14},"end":{"line":31,"column":null}}],"line":29},"3":{"loc":{"start":{"line":39,"column":12},"end":{"line":41,"column":null}},"type":"cond-expr","locations":[{"start":{"line":40,"column":16},"end":{"line":40,"column":null}},{"start":{"line":41,"column":16},"end":{"line":41,"column":null}}],"line":39}},"s":{"0":3,"1":3,"2":3,"3":3,"4":1,"5":1,"6":3},"f":{"0":3,"1":1},"b":{"0":[1,2],"1":[1,2],"2":[1,2],"3":[1,2]},"meta":{"lastBranch":4,"lastFunction":2,"lastStatement":7,"seen":{"f:5:24:5:34":0,"s:6:59:6:Infinity":0,"s:7:8:7:Infinity":1,"s:8:21:8:Infinity":2,"s:10:22:13:Infinity":3,"f:10:22:10:23":1,"s:11:4:11:Infinity":4,"s:12:4:12:Infinity":5,"s:15:2:48:Infinity":6,"b:17:30:17:56:17:56:17:Infinity":0,"b:22:23:22:55:22:55:22:Infinity":1,"b:30:14:30:Infinity:31:14:31:Infinity":2,"b:40:16:40:Infinity:41:16:41:Infinity":3}}}
,"C:\\Users\\sungwook hong\\Desktop\\project\\github\\react-youtube-practice\\src\\entities\\video\\ui\\VideoCard\\VideoCard.module.css": {"path":"C:\\Users\\sungwook hong\\Desktop\\project\\github\\react-youtube-practice\\src\\entities\\video\\ui\\VideoCard\\VideoCard.module.css","statementMap":{},"fnMap":{},"branchMap":{},"s":{},"f":{},"b":{},"meta":{"lastBranch":0,"lastFunction":0,"lastStatement":0,"seen":{}}}
,"C:\\Users\\sungwook hong\\Desktop\\project\\github\\react-youtube-practice\\src\\shared\\lib\\timeago\\index.js": {"path":"C:\\Users\\sungwook hong\\Desktop\\project\\github\\react-youtube-practice\\src\\shared\\lib\\timeago\\index.js","statementMap":{"0":{"start":{"line":4,"column":0},"end":{"line":4,"column":25}},"1":{"start":{"line":7,"column":2},"end":{"line":7,"column":28}}},"fnMap":{"0":{"name":"formatAgo","decl":{"start":{"line":6,"column":16},"end":{"line":6,"column":25}},"loc":{"start":{"line":6,"column":45},"end":{"line":8,"column":null}},"line":6}},"branchMap":{"0":{"loc":{"start":{"line":6,"column":32},"end":{"line":6,"column":43}},"type":"default-arg","locations":[{"start":{"line":6,"column":39},"end":{"line":6,"column":43}}],"line":6}},"s":{"0":1,"1":3},"f":{"0":3},"b":{"0":[3]},"meta":{"lastBranch":1,"lastFunction":1,"lastStatement":2,"seen":{"s:4:0:4:25":0,"f:6:16:6:25":0,"b:6:39:6:43":0,"s:7:2:7:28":1}}}
,"C:\\Users\\sungwook hong\\Desktop\\project\\github\\react-youtube-practice\\src\\test\\utils.jsx": {"path":"C:\\Users\\sungwook hong\\Desktop\\project\\github\\react-youtube-practice\\src\\test\\utils.jsx","statementMap":{"0":{"start":{"line":4,"column":2},"end":{"line":7,"column":null}}},"fnMap":{"0":{"name":"withRouter","decl":{"start":{"line":3,"column":16},"end":{"line":3,"column":27}},"loc":{"start":{"line":3,"column":55},"end":{"line":9,"column":null}},"line":3}},"branchMap":{"0":{"loc":{"start":{"line":3,"column":35},"end":{"line":3,"column":55}},"type":"default-arg","locations":[{"start":{"line":3,"column":50},"end":{"line":3,"column":55}}],"line":3}},"s":{"0":3},"f":{"0":3},"b":{"0":[3]},"meta":{"lastBranch":1,"lastFunction":1,"lastStatement":1,"seen":{"f:3:16:3:27":0,"b:3:50:3:55":0,"s:4:2:7:Infinity":0}}}
,"C:\\Users\\sungwook hong\\Desktop\\project\\github\\react-youtube-practice\\src\\test\\videos.js": {"path":"C:\\Users\\sungwook hong\\Desktop\\project\\github\\react-youtube-practice\\src\\test\\videos.js","statementMap":{"0":{"start":{"line":2,"column":25},"end":{"line":15,"column":1}},"1":{"start":{"line":17,"column":26},"end":{"line":46,"column":1}}},"fnMap":{},"branchMap":{},"s":{"0":1,"1":1},"f":{},"b":{},"meta":{"lastBranch":0,"lastFunction":0,"lastStatement":2,"seen":{"s:2:25:15:1":0,"s:17:26:46:1":1}}}
}
