{"C:\\Users\\sungwook hong\\Desktop\\project\\github\\react-youtube-practice\\src\\app\\context\\YoutubeApiContext.jsx": {"path":"C:\\Users\\sungwook hong\\Desktop\\project\\github\\react-youtube-practice\\src\\app\\context\\YoutubeApiContext.jsx","statementMap":{"0":{"start":{"line":3,"column":13},"end":{"line":3,"column":null}},"1":{"start":{"line":6,"column":2},"end":{"line":6,"column":null}}},"fnMap":{"0":{"name":"useYoutubeApi","decl":{"start":{"line":5,"column":16},"end":{"line":5,"column":32}},"loc":{"start":{"line":5,"column":32},"end":{"line":7,"column":null}},"line":5}},"branchMap":{},"s":{"0":3,"1":21},"f":{"0":21},"b":{},"meta":{"lastBranch":0,"lastFunction":1,"lastStatement":2,"seen":{"s:3:13:3:Infinity":0,"f:5:16:5:32":0,"s:6:2:6:Infinity":1}}}
,"C:\\Users\\sungwook hong\\Desktop\\project\\github\\react-youtube-practice\\src\\app\\provider\\YoutubeApiProvider.jsx": {"path":"C:\\Users\\sungwook hong\\Desktop\\project\\github\\react-youtube-practice\\src\\app\\provider\\YoutubeApiProvider.jsx","statementMap":{"0":{"start":{"line":8,"column":15},"end":{"line":8,"column":null}},"1":{"start":{"line":9,"column":16},"end":{"line":9,"column":null}},"2":{"start":{"line":12,"column":24},"end":{"line":12,"column":null}},"3":{"start":{"line":13,"column":22},"end":{"line":16,"column":null}},"4":{"start":{"line":14,"column":4},"end":{"line":14,"column":null}},"5":{"start":{"line":15,"column":4},"end":{"line":15,"column":null}},"6":{"start":{"line":18,"column":2},"end":{"line":21,"column":null}},"7":{"start":{"line":19,"column":4},"end":{"line":19,"column":null}},"8":{"start":{"line":20,"column":4},"end":{"line":20,"column":null}},"9":{"start":{"line":23,"column":2},"end":{"line":26,"column":null}},"10":{"start":{"line":30,"column":21},"end":{"line":35,"column":null}},"11":{"start":{"line":31,"column":2},"end":{"line":31,"column":null}},"12":{"start":{"line":31,"column":37},"end":{"line":31,"column":null}},"13":{"start":{"line":32,"column":2},"end":{"line":32,"column":null}},"14":{"start":{"line":32,"column":36},"end":{"line":32,"column":null}},"15":{"start":{"line":34,"column":2},"end":{"line":34,"column":null}},"16":{"start":{"line":37,"column":20},"end":{"line":46,"column":null}},"17":{"start":{"line":38,"column":2},"end":{"line":45,"column":null}},"18":{"start":{"line":39,"column":4},"end":{"line":39,"column":null}},"19":{"start":{"line":40,"column":4},"end":{"line":40,"column":null}},"20":{"start":{"line":43,"column":4},"end":{"line":43,"column":null}},"21":{"start":{"line":44,"column":4},"end":{"line":44,"column":null}}},"fnMap":{"0":{"name":"YoutubeApiProvider","decl":{"start":{"line":11,"column":16},"end":{"line":11,"column":35}},"loc":{"start":{"line":11,"column":49},"end":{"line":28,"column":null}},"line":11},"1":{"name":"(anonymous_1)","decl":{"start":{"line":13,"column":22},"end":{"line":13,"column":28}},"loc":{"start":{"line":13,"column":28},"end":{"line":16,"column":null}},"line":13},"2":{"name":"(anonymous_2)","decl":{"start":{"line":18,"column":12},"end":{"line":18,"column":18}},"loc":{"start":{"line":18,"column":18},"end":{"line":21,"column":5}},"line":18},"3":{"name":"(anonymous_3)","decl":{"start":{"line":30,"column":21},"end":{"line":30,"column":27}},"loc":{"start":{"line":30,"column":27},"end":{"line":35,"column":null}},"line":30},"4":{"name":"(anonymous_4)","decl":{"start":{"line":37,"column":20},"end":{"line":37,"column":21}},"loc":{"start":{"line":37,"column":31},"end":{"line":46,"column":null}},"line":37}},"branchMap":{"0":{"loc":{"start":{"line":31,"column":2},"end":{"line":31,"column":null}},"type":"if","locations":[{"start":{"line":31,"column":2},"end":{"line":31,"column":null}},{"start":{},"end":{}}],"line":31},"1":{"loc":{"start":{"line":32,"column":2},"end":{"line":32,"column":null}},"type":"if","locations":[{"start":{"line":32,"column":2},"end":{"line":32,"column":null}},{"start":{},"end":{}}],"line":32},"2":{"loc":{"start":{"line":38,"column":2},"end":{"line":45,"column":null}},"type":"if","locations":[{"start":{"line":38,"column":2},"end":{"line":45,"column":null}},{"start":{"line":42,"column":6},"end":{"line":45,"column":null}}],"line":38}},"s":{"0":3,"1":3,"2":6,"3":6,"4":0,"5":0,"6":6,"7":6,"8":6,"9":6,"10":3,"11":6,"12":0,"13":6,"14":4,"15":2,"16":3,"17":6,"18":0,"19":0,"20":6,"21":6},"f":{"0":6,"1":0,"2":6,"3":6,"4":6},"b":{"0":[0,6],"1":[4,2],"2":[0,6]},"meta":{"lastBranch":3,"lastFunction":5,"lastStatement":22,"seen":{"s:8:15:8:Infinity":0,"s:9:16:9:Infinity":1,"f:11:16:11:35":0,"s:12:24:12:Infinity":2,"s:13:22:16:Infinity":3,"f:13:22:13:28":1,"s:14:4:14:Infinity":4,"s:15:4:15:Infinity":5,"s:18:2:21:Infinity":6,"f:18:12:18:18":2,"s:19:4:19:Infinity":7,"s:20:4:20:Infinity":8,"s:23:2:26:Infinity":9,"s:30:21:35:Infinity":10,"f:30:21:30:27":3,"b:31:2:31:Infinity:undefined:undefined:undefined:undefined":0,"s:31:2:31:Infinity":11,"s:31:37:31:Infinity":12,"b:32:2:32:Infinity:undefined:undefined:undefined:undefined":1,"s:32:2:32:Infinity":13,"s:32:36:32:Infinity":14,"s:34:2:34:Infinity":15,"s:37:20:46:Infinity":16,"f:37:20:37:21":4,"b:38:2:45:Infinity:42:6:45:Infinity":2,"s:38:2:45:Infinity":17,"s:39:4:39:Infinity":18,"s:40:4:40:Infinity":19,"s:43:4:43:Infinity":20,"s:44:4:44:Infinity":21}}}
,"C:\\Users\\sungwook hong\\Desktop\\project\\github\\react-youtube-practice\\src\\entities\\video\\ui\\ChannelInfo\\ChannelInfo.jsx": {"path":"C:\\Users\\sungwook hong\\Desktop\\project\\github\\react-youtube-practice\\src\\entities\\video\\ui\\ChannelInfo\\ChannelInfo.jsx","statementMap":{"0":{"start":{"line":6,"column":18},"end":{"line":6,"column":null}},"1":{"start":{"line":7,"column":20},"end":{"line":10,"column":null}},"2":{"start":{"line":9,"column":19},"end":{"line":9,"column":null}},"3":{"start":{"line":12,"column":2},"end":{"line":16,"column":null}}},"fnMap":{"0":{"name":"ChannelInfo","decl":{"start":{"line":5,"column":24},"end":{"line":5,"column":36}},"loc":{"start":{"line":5,"column":50},"end":{"line":18,"column":null}},"line":5},"1":{"name":"(anonymous_1)","decl":{"start":{"line":9,"column":13},"end":{"line":9,"column":19}},"loc":{"start":{"line":9,"column":19},"end":{"line":9,"column":null}},"line":9}},"branchMap":{"0":{"loc":{"start":{"line":14,"column":7},"end":{"line":14,"column":null}},"type":"binary-expr","locations":[{"start":{"line":14,"column":7},"end":{"line":14,"column":14}},{"start":{"line":14,"column":14},"end":{"line":14,"column":null}}],"line":14}},"s":{"0":5,"1":5,"2":3,"3":5},"f":{"0":5,"1":3},"b":{"0":[5,2]},"meta":{"lastBranch":1,"lastFunction":2,"lastStatement":4,"seen":{"f:5:24:5:36":0,"s:6:18:6:Infinity":0,"s:7:20:10:Infinity":1,"f:9:13:9:19":1,"s:9:19:9:Infinity":2,"s:12:2:16:Infinity":3,"b:14:7:14:14:14:14:14:Infinity":0}}}
,"C:\\Users\\sungwook hong\\Desktop\\project\\github\\react-youtube-practice\\src\\entities\\video\\ui\\ChannelInfo\\ChannelInfo.module.css": {"path":"C:\\Users\\sungwook hong\\Desktop\\project\\github\\react-youtube-practice\\src\\entities\\video\\ui\\ChannelInfo\\ChannelInfo.module.css","statementMap":{},"fnMap":{},"branchMap":{},"s":{},"f":{},"b":{},"meta":{"lastBranch":0,"lastFunction":0,"lastStatement":0,"seen":{}}}
,"C:\\Users\\sungwook hong\\Desktop\\project\\github\\react-youtube-practice\\src\\entities\\video\\ui\\VideoCard\\VideoCard.jsx": {"path":"C:\\Users\\sungwook hong\\Desktop\\project\\github\\react-youtube-practice\\src\\entities\\video\\ui\\VideoCard\\VideoCard.jsx","statementMap":{"0":{"start":{"line":6,"column":59},"end":{"line":6,"column":null}},"1":{"start":{"line":7,"column":8},"end":{"line":7,"column":null}},"2":{"start":{"line":8,"column":21},"end":{"line":8,"column":null}},"3":{"start":{"line":10,"column":22},"end":{"line":13,"column":null}},"4":{"start":{"line":11,"column":4},"end":{"line":11,"column":null}},"5":{"start":{"line":12,"column":4},"end":{"line":12,"column":null}},"6":{"start":{"line":15,"column":2},"end":{"line":48,"column":null}}},"fnMap":{"0":{"name":"VideoCard","decl":{"start":{"line":5,"column":24},"end":{"line":5,"column":34}},"loc":{"start":{"line":5,"column":51},"end":{"line":50,"column":null}},"line":5},"1":{"name":"(anonymous_1)","decl":{"start":{"line":10,"column":22},"end":{"line":10,"column":23}},"loc":{"start":{"line":10,"column":29},"end":{"line":13,"column":null}},"line":10}},"branchMap":{"0":{"loc":{"start":{"line":17,"column":17},"end":{"line":17,"column":null}},"type":"cond-expr","locations":[{"start":{"line":17,"column":30},"end":{"line":17,"column":56}},{"start":{"line":17,"column":56},"end":{"line":17,"column":null}}],"line":17},"1":{"loc":{"start":{"line":22,"column":10},"end":{"line":22,"column":null}},"type":"cond-expr","locations":[{"start":{"line":22,"column":23},"end":{"line":22,"column":55}},{"start":{"line":22,"column":55},"end":{"line":22,"column":null}}],"line":22},"2":{"loc":{"start":{"line":29,"column":10},"end":{"line":31,"column":null}},"type":"cond-expr","locations":[{"start":{"line":30,"column":14},"end":{"line":30,"column":null}},{"start":{"line":31,"column":14},"end":{"line":31,"column":null}}],"line":29},"3":{"loc":{"start":{"line":39,"column":12},"end":{"line":41,"column":null}},"type":"cond-expr","locations":[{"start":{"line":40,"column":16},"end":{"line":40,"column":null}},{"start":{"line":41,"column":16},"end":{"line":41,"column":null}}],"line":39}},"s":{"0":3,"1":3,"2":3,"3":3,"4":1,"5":1,"6":3},"f":{"0":3,"1":1},"b":{"0":[1,2],"1":[1,2],"2":[1,2],"3":[1,2]},"meta":{"lastBranch":4,"lastFunction":2,"lastStatement":7,"seen":{"f:5:24:5:34":0,"s:6:59:6:Infinity":0,"s:7:8:7:Infinity":1,"s:8:21:8:Infinity":2,"s:10:22:13:Infinity":3,"f:10:22:10:23":1,"s:11:4:11:Infinity":4,"s:12:4:12:Infinity":5,"s:15:2:48:Infinity":6,"b:17:30:17:56:17:56:17:Infinity":0,"b:22:23:22:55:22:55:22:Infinity":1,"b:30:14:30:Infinity:31:14:31:Infinity":2,"b:40:16:40:Infinity:41:16:41:Infinity":3}}}
,"C:\\Users\\sungwook hong\\Desktop\\project\\github\\react-youtube-practice\\src\\entities\\video\\ui\\VideoCard\\VideoCard.module.css": {"path":"C:\\Users\\sungwook hong\\Desktop\\project\\github\\react-youtube-practice\\src\\entities\\video\\ui\\VideoCard\\VideoCard.module.css","statementMap":{},"fnMap":{},"branchMap":{},"s":{},"f":{},"b":{},"meta":{"lastBranch":0,"lastFunction":0,"lastStatement":0,"seen":{}}}
,"C:\\Users\\sungwook hong\\Desktop\\project\\github\\react-youtube-practice\\src\\features\\api\\fakeYoutubeClient.js": {"path":"C:\\Users\\sungwook hong\\Desktop\\project\\github\\react-youtube-practice\\src\\features\\api\\fakeYoutubeClient.js","statementMap":{"0":{"start":{"line":5,"column":4},"end":{"line":5,"column":42}},"1":{"start":{"line":9,"column":4},"end":{"line":9,"column":43}},"2":{"start":{"line":13,"column":4},"end":{"line":13,"column":43}},"3":{"start":{"line":17,"column":4},"end":{"line":17,"column":43}},"4":{"start":{"line":21,"column":4},"end":{"line":21,"column":43}}},"fnMap":{"0":{"name":"(anonymous_0)","decl":{"start":{"line":4,"column":8},"end":{"line":4,"column":14}},"loc":{"start":{"line":4,"column":17},"end":{"line":6,"column":3}},"line":4},"1":{"name":"(anonymous_1)","decl":{"start":{"line":8,"column":8},"end":{"line":8,"column":14}},"loc":{"start":{"line":8,"column":17},"end":{"line":10,"column":3}},"line":8},"2":{"name":"(anonymous_2)","decl":{"start":{"line":12,"column":8},"end":{"line":12,"column":16}},"loc":{"start":{"line":12,"column":19},"end":{"line":14,"column":3}},"line":12},"3":{"name":"(anonymous_3)","decl":{"start":{"line":16,"column":8},"end":{"line":16,"column":16}},"loc":{"start":{"line":16,"column":19},"end":{"line":18,"column":3}},"line":16},"4":{"name":"(anonymous_4)","decl":{"start":{"line":20,"column":8},"end":{"line":20,"column":15}},"loc":{"start":{"line":20,"column":18},"end":{"line":22,"column":3}},"line":20}},"branchMap":{},"s":{"0":0,"1":0,"2":0,"3":0,"4":0},"f":{"0":0,"1":0,"2":0,"3":0,"4":0},"b":{},"meta":{"lastBranch":0,"lastFunction":5,"lastStatement":5,"seen":{"f:4:8:4:14":0,"s:5:4:5:42":0,"f:8:8:8:14":1,"s:9:4:9:43":1,"f:12:8:12:16":2,"s:13:4:13:43":2,"f:16:8:16:16":3,"s:17:4:17:43":3,"f:20:8:20:15":4,"s:21:4:21:43":4}}}
,"C:\\Users\\sungwook hong\\Desktop\\project\\github\\react-youtube-practice\\src\\features\\api\\youtube.js": {"path":"C:\\Users\\sungwook hong\\Desktop\\project\\github\\react-youtube-practice\\src\\features\\api\\youtube.js","statementMap":{"0":{"start":{"line":3,"column":4},"end":{"line":3,"column":31}},"1":{"start":{"line":8,"column":4},"end":{"line":8,"column":74}},"2":{"start":{"line":12,"column":4},"end":{"line":20,"column":67}},"3":{"start":{"line":20,"column":17},"end":{"line":20,"column":65}},"4":{"start":{"line":24,"column":4},"end":{"line":36,"column":74}},"5":{"start":{"line":35,"column":17},"end":{"line":35,"column":31}},"6":{"start":{"line":36,"column":19},"end":{"line":36,"column":72}},"7":{"start":{"line":36,"column":38},"end":{"line":36,"column":70}},"8":{"start":{"line":40,"column":4},"end":{"line":50,"column":33}},"9":{"start":{"line":50,"column":17},"end":{"line":50,"column":31}},"10":{"start":{"line":55,"column":4},"end":{"line":63,"column":33}},"11":{"start":{"line":63,"column":17},"end":{"line":63,"column":31}},"12":{"start":{"line":68,"column":4},"end":{"line":79,"column":74}},"13":{"start":{"line":78,"column":17},"end":{"line":78,"column":31}},"14":{"start":{"line":79,"column":19},"end":{"line":79,"column":72}},"15":{"start":{"line":79,"column":38},"end":{"line":79,"column":70}},"16":{"start":{"line":83,"column":4},"end":{"line":92,"column":33}},"17":{"start":{"line":92,"column":17},"end":{"line":92,"column":31}}},"fnMap":{"0":{"name":"(anonymous_0)","decl":{"start":{"line":2,"column":2},"end":{"line":2,"column":13}},"loc":{"start":{"line":2,"column":25},"end":{"line":4,"column":3}},"line":2},"1":{"name":"(anonymous_1)","decl":{"start":{"line":7,"column":8},"end":{"line":7,"column":14}},"loc":{"start":{"line":7,"column":24},"end":{"line":9,"column":3}},"line":7},"2":{"name":"(anonymous_2)","decl":{"start":{"line":11,"column":8},"end":{"line":11,"column":23}},"loc":{"start":{"line":11,"column":28},"end":{"line":21,"column":3}},"line":11},"3":{"name":"(anonymous_3)","decl":{"start":{"line":20,"column":10},"end":{"line":20,"column":13}},"loc":{"start":{"line":20,"column":17},"end":{"line":20,"column":65}},"line":20},"4":{"name":"(anonymous_4)","decl":{"start":{"line":23,"column":8},"end":{"line":23,"column":25}},"loc":{"start":{"line":23,"column":37},"end":{"line":37,"column":3}},"line":23},"5":{"name":"(anonymous_5)","decl":{"start":{"line":35,"column":10},"end":{"line":35,"column":13}},"loc":{"start":{"line":35,"column":17},"end":{"line":35,"column":31}},"line":35},"6":{"name":"(anonymous_6)","decl":{"start":{"line":36,"column":10},"end":{"line":36,"column":15}},"loc":{"start":{"line":36,"column":19},"end":{"line":36,"column":72}},"line":36},"7":{"name":"(anonymous_7)","decl":{"start":{"line":36,"column":29},"end":{"line":36,"column":33}},"loc":{"start":{"line":36,"column":38},"end":{"line":36,"column":70}},"line":36},"8":{"name":"(anonymous_8)","decl":{"start":{"line":39,"column":8},"end":{"line":39,"column":23}},"loc":{"start":{"line":39,"column":33},"end":{"line":51,"column":3}},"line":39},"9":{"name":"(anonymous_9)","decl":{"start":{"line":50,"column":10},"end":{"line":50,"column":13}},"loc":{"start":{"line":50,"column":17},"end":{"line":50,"column":31}},"line":50},"10":{"name":"(anonymous_10)","decl":{"start":{"line":54,"column":8},"end":{"line":54,"column":22}},"loc":{"start":{"line":54,"column":33},"end":{"line":64,"column":3}},"line":54},"11":{"name":"(anonymous_11)","decl":{"start":{"line":63,"column":10},"end":{"line":63,"column":13}},"loc":{"start":{"line":63,"column":17},"end":{"line":63,"column":31}},"line":63},"12":{"name":"(anonymous_12)","decl":{"start":{"line":67,"column":8},"end":{"line":67,"column":24}},"loc":{"start":{"line":67,"column":34},"end":{"line":80,"column":3}},"line":67},"13":{"name":"(anonymous_13)","decl":{"start":{"line":78,"column":10},"end":{"line":78,"column":13}},"loc":{"start":{"line":78,"column":17},"end":{"line":78,"column":31}},"line":78},"14":{"name":"(anonymous_14)","decl":{"start":{"line":79,"column":10},"end":{"line":79,"column":15}},"loc":{"start":{"line":79,"column":19},"end":{"line":79,"column":72}},"line":79},"15":{"name":"(anonymous_15)","decl":{"start":{"line":79,"column":29},"end":{"line":79,"column":33}},"loc":{"start":{"line":79,"column":38},"end":{"line":79,"column":70}},"line":79},"16":{"name":"(anonymous_16)","decl":{"start":{"line":82,"column":8},"end":{"line":82,"column":20}},"loc":{"start":{"line":82,"column":23},"end":{"line":93,"column":3}},"line":82},"17":{"name":"(anonymous_17)","decl":{"start":{"line":92,"column":10},"end":{"line":92,"column":13}},"loc":{"start":{"line":92,"column":17},"end":{"line":92,"column":31}},"line":92}},"branchMap":{"0":{"loc":{"start":{"line":8,"column":11},"end":{"line":8,"column":73}},"type":"cond-expr","locations":[{"start":{"line":8,"column":21},"end":{"line":8,"column":51}},{"start":{"line":8,"column":54},"end":{"line":8,"column":73}}],"line":8}},"s":{"0":3,"1":0,"2":0,"3":0,"4":0,"5":0,"6":0,"7":0,"8":0,"9":0,"10":0,"11":0,"12":0,"13":0,"14":0,"15":0,"16":0,"17":0},"f":{"0":3,"1":0,"2":0,"3":0,"4":0,"5":0,"6":0,"7":0,"8":0,"9":0,"10":0,"11":0,"12":0,"13":0,"14":0,"15":0,"16":0,"17":0},"b":{"0":[0,0]},"meta":{"lastBranch":1,"lastFunction":18,"lastStatement":18,"seen":{"f:2:2:2:13":0,"s:3:4:3:31":0,"f:7:8:7:14":1,"s:8:4:8:74":1,"b:8:21:8:51:8:54:8:73":0,"f:11:8:11:23":2,"s:12:4:20:67":2,"f:20:10:20:13":3,"s:20:17:20:65":3,"f:23:8:23:25":4,"s:24:4:36:74":4,"f:35:10:35:13":5,"s:35:17:35:31":5,"f:36:10:36:15":6,"s:36:19:36:72":6,"f:36:29:36:33":7,"s:36:38:36:70":7,"f:39:8:39:23":8,"s:40:4:50:33":8,"f:50:10:50:13":9,"s:50:17:50:31":9,"f:54:8:54:22":10,"s:55:4:63:33":10,"f:63:10:63:13":11,"s:63:17:63:31":11,"f:67:8:67:24":12,"s:68:4:79:74":12,"f:78:10:78:13":13,"s:78:17:78:31":13,"f:79:10:79:15":14,"s:79:19:79:72":14,"f:79:29:79:33":15,"s:79:38:79:70":15,"f:82:8:82:20":16,"s:83:4:92:33":16,"f:92:10:92:13":17,"s:92:17:92:31":17}}}
,"C:\\Users\\sungwook hong\\Desktop\\project\\github\\react-youtube-practice\\src\\features\\api\\youtubeClient.js": {"path":"C:\\Users\\sungwook hong\\Desktop\\project\\github\\react-youtube-practice\\src\\features\\api\\youtubeClient.js","statementMap":{"0":{"start":{"line":5,"column":4},"end":{"line":8,"column":6}},"1":{"start":{"line":12,"column":4},"end":{"line":12,"column":49}},"2":{"start":{"line":16,"column":4},"end":{"line":16,"column":49}},"3":{"start":{"line":20,"column":4},"end":{"line":20,"column":51}},"4":{"start":{"line":24,"column":4},"end":{"line":24,"column":57}},"5":{"start":{"line":28,"column":4},"end":{"line":28,"column":50}}},"fnMap":{"0":{"name":"(anonymous_0)","decl":{"start":{"line":4,"column":2},"end":{"line":4,"column":13}},"loc":{"start":{"line":4,"column":16},"end":{"line":9,"column":3}},"line":4},"1":{"name":"(anonymous_1)","decl":{"start":{"line":11,"column":8},"end":{"line":11,"column":14}},"loc":{"start":{"line":11,"column":23},"end":{"line":13,"column":3}},"line":11},"2":{"name":"(anonymous_2)","decl":{"start":{"line":15,"column":8},"end":{"line":15,"column":14}},"loc":{"start":{"line":15,"column":23},"end":{"line":17,"column":3}},"line":15},"3":{"name":"(anonymous_3)","decl":{"start":{"line":19,"column":8},"end":{"line":19,"column":16}},"loc":{"start":{"line":19,"column":25},"end":{"line":21,"column":3}},"line":19},"4":{"name":"(anonymous_4)","decl":{"start":{"line":23,"column":8},"end":{"line":23,"column":16}},"loc":{"start":{"line":23,"column":25},"end":{"line":25,"column":3}},"line":23},"5":{"name":"(anonymous_5)","decl":{"start":{"line":27,"column":8},"end":{"line":27,"column":15}},"loc":{"start":{"line":27,"column":24},"end":{"line":29,"column":3}},"line":27}},"branchMap":{},"s":{"0":3,"1":0,"2":0,"3":0,"4":0,"5":0},"f":{"0":3,"1":0,"2":0,"3":0,"4":0,"5":0},"b":{},"meta":{"lastBranch":0,"lastFunction":6,"lastStatement":6,"seen":{"f:4:2:4:13":0,"s:5:4:8:6":0,"f:11:8:11:14":1,"s:12:4:12:49":1,"f:15:8:15:14":2,"s:16:4:16:49":2,"f:19:8:19:16":3,"s:20:4:20:51":3,"f:23:8:23:16":4,"s:24:4:24:57":4,"f:27:8:27:15":5,"s:28:4:28:50":5}}}
,"C:\\Users\\sungwook hong\\Desktop\\project\\github\\react-youtube-practice\\src\\shared\\lib\\timeago\\index.js": {"path":"C:\\Users\\sungwook hong\\Desktop\\project\\github\\react-youtube-practice\\src\\shared\\lib\\timeago\\index.js","statementMap":{"0":{"start":{"line":4,"column":0},"end":{"line":4,"column":25}},"1":{"start":{"line":7,"column":2},"end":{"line":7,"column":28}}},"fnMap":{"0":{"name":"formatAgo","decl":{"start":{"line":6,"column":16},"end":{"line":6,"column":25}},"loc":{"start":{"line":6,"column":45},"end":{"line":8,"column":null}},"line":6}},"branchMap":{"0":{"loc":{"start":{"line":6,"column":32},"end":{"line":6,"column":43}},"type":"default-arg","locations":[{"start":{"line":6,"column":39},"end":{"line":6,"column":43}}],"line":6}},"s":{"0":1,"1":3},"f":{"0":3},"b":{"0":[3]},"meta":{"lastBranch":1,"lastFunction":1,"lastStatement":2,"seen":{"s:4:0:4:25":0,"f:6:16:6:25":0,"b:6:39:6:43":0,"s:7:2:7:28":1}}}
,"C:\\Users\\sungwook hong\\Desktop\\project\\github\\react-youtube-practice\\src\\shared\\ui\\header\\Header.jsx": {"path":"C:\\Users\\sungwook hong\\Desktop\\project\\github\\react-youtube-practice\\src\\shared\\ui\\header\\Header.jsx","statementMap":{"0":{"start":{"line":10,"column":27},"end":{"line":10,"column":null}},"1":{"start":{"line":11,"column":8},"end":{"line":11,"column":null}},"2":{"start":{"line":12,"column":22},"end":{"line":12,"column":null}},"3":{"start":{"line":13,"column":22},"end":{"line":13,"column":null}},"4":{"start":{"line":15,"column":2},"end":{"line":17,"column":null}},"5":{"start":{"line":16,"column":4},"end":{"line":16,"column":null}},"6":{"start":{"line":19,"column":8},"end":{"line":19,"column":null}},"7":{"start":{"line":21,"column":19},"end":{"line":21,"column":null}},"8":{"start":{"line":22,"column":15},"end":{"line":22,"column":null}},"9":{"start":{"line":23,"column":19},"end":{"line":23,"column":null}},"10":{"start":{"line":25,"column":26},"end":{"line":29,"column":null}},"11":{"start":{"line":26,"column":4},"end":{"line":26,"column":null}},"12":{"start":{"line":27,"column":4},"end":{"line":27,"column":null}},"13":{"start":{"line":28,"column":4},"end":{"line":28,"column":null}},"14":{"start":{"line":31,"column":26},"end":{"line":37,"column":null}},"15":{"start":{"line":32,"column":4},"end":{"line":32,"column":null}},"16":{"start":{"line":32,"column":21},"end":{"line":32,"column":null}},"17":{"start":{"line":33,"column":4},"end":{"line":33,"column":null}},"18":{"start":{"line":34,"column":14},"end":{"line":34,"column":null}},"19":{"start":{"line":35,"column":17},"end":{"line":35,"column":null}},"20":{"start":{"line":36,"column":4},"end":{"line":36,"column":null}},"21":{"start":{"line":39,"column":24},"end":{"line":41,"column":null}},"22":{"start":{"line":40,"column":4},"end":{"line":40,"column":null}},"23":{"start":{"line":43,"column":23},"end":{"line":46,"column":null}},"24":{"start":{"line":44,"column":4},"end":{"line":44,"column":null}},"25":{"start":{"line":45,"column":4},"end":{"line":45,"column":null}},"26":{"start":{"line":48,"column":2},"end":{"line":95,"column":null}},"27":{"start":{"line":61,"column":29},"end":{"line":61,"column":null}},"28":{"start":{"line":80,"column":10},"end":{"line":86,"column":null}},"29":{"start":{"line":83,"column":27},"end":{"line":83,"column":null}},"30":{"start":{"line":92,"column":25},"end":{"line":92,"column":null}},"31":{"start":{"line":99,"column":23},"end":{"line":110,"column":null}},"32":{"start":{"line":100,"column":2},"end":{"line":109,"column":null}}},"fnMap":{"0":{"name":"Header","decl":{"start":{"line":9,"column":16},"end":{"line":9,"column":25}},"loc":{"start":{"line":9,"column":25},"end":{"line":97,"column":null}},"line":9},"1":{"name":"(anonymous_1)","decl":{"start":{"line":15,"column":12},"end":{"line":15,"column":18}},"loc":{"start":{"line":15,"column":18},"end":{"line":17,"column":5}},"line":15},"2":{"name":"(anonymous_2)","decl":{"start":{"line":25,"column":26},"end":{"line":25,"column":27}},"loc":{"start":{"line":25,"column":33},"end":{"line":29,"column":null}},"line":25},"3":{"name":"(anonymous_3)","decl":{"start":{"line":31,"column":26},"end":{"line":31,"column":27}},"loc":{"start":{"line":31,"column":33},"end":{"line":37,"column":null}},"line":31},"4":{"name":"(anonymous_4)","decl":{"start":{"line":39,"column":24},"end":{"line":39,"column":30}},"loc":{"start":{"line":39,"column":30},"end":{"line":41,"column":null}},"line":39},"5":{"name":"(anonymous_5)","decl":{"start":{"line":43,"column":23},"end":{"line":43,"column":24}},"loc":{"start":{"line":43,"column":30},"end":{"line":46,"column":null}},"line":43},"6":{"name":"(anonymous_6)","decl":{"start":{"line":61,"column":22},"end":{"line":61,"column":23}},"loc":{"start":{"line":61,"column":29},"end":{"line":61,"column":null}},"line":61},"7":{"name":"(anonymous_7)","decl":{"start":{"line":79,"column":30},"end":{"line":79,"column":31}},"loc":{"start":{"line":80,"column":10},"end":{"line":86,"column":null}},"line":80},"8":{"name":"(anonymous_8)","decl":{"start":{"line":83,"column":21},"end":{"line":83,"column":27}},"loc":{"start":{"line":83,"column":27},"end":{"line":83,"column":null}},"line":83},"9":{"name":"(anonymous_9)","decl":{"start":{"line":92,"column":19},"end":{"line":92,"column":25}},"loc":{"start":{"line":92,"column":25},"end":{"line":92,"column":null}},"line":92},"10":{"name":"(anonymous_10)","decl":{"start":{"line":99,"column":23},"end":{"line":99,"column":29}},"loc":{"start":{"line":99,"column":29},"end":{"line":110,"column":null}},"line":99}},"branchMap":{"0":{"loc":{"start":{"line":16,"column":12},"end":{"line":16,"column":25}},"type":"binary-expr","locations":[{"start":{"line":16,"column":12},"end":{"line":16,"column":23}},{"start":{"line":16,"column":23},"end":{"line":16,"column":25}}],"line":16},"1":{"loc":{"start":{"line":32,"column":4},"end":{"line":32,"column":null}},"type":"if","locations":[{"start":{"line":32,"column":4},"end":{"line":32,"column":null}},{"start":{},"end":{}}],"line":32},"2":{"loc":{"start":{"line":89,"column":7},"end":{"line":93,"column":null}},"type":"binary-expr","locations":[{"start":{"line":89,"column":7},"end":{"line":89,"column":null}},{"start":{"line":90,"column":8},"end":{"line":93,"column":null}}],"line":89}},"s":{"0":17,"1":17,"2":17,"3":17,"4":17,"5":3,"6":17,"7":17,"8":17,"9":17,"10":17,"11":0,"12":0,"13":0,"14":17,"15":0,"16":0,"17":0,"18":0,"19":0,"20":0,"21":17,"22":0,"23":17,"24":1,"25":1,"26":17,"27":12,"28":136,"29":0,"30":0,"31":1,"32":17},"f":{"0":17,"1":3,"2":0,"3":0,"4":0,"5":1,"6":12,"7":136,"8":0,"9":0,"10":17},"b":{"0":[3,2],"1":[0,0],"2":[17,0]},"meta":{"lastBranch":3,"lastFunction":11,"lastStatement":33,"seen":{"f:9:16:9:25":0,"s:10:27:10:Infinity":0,"s:11:8:11:Infinity":1,"s:12:22:12:Infinity":2,"s:13:22:13:Infinity":3,"s:15:2:17:Infinity":4,"f:15:12:15:18":1,"s:16:4:16:Infinity":5,"b:16:12:16:23:16:23:16:25":0,"s:19:8:19:Infinity":6,"s:21:19:21:Infinity":7,"s:22:15:22:Infinity":8,"s:23:19:23:Infinity":9,"s:25:26:29:Infinity":10,"f:25:26:25:27":2,"s:26:4:26:Infinity":11,"s:27:4:27:Infinity":12,"s:28:4:28:Infinity":13,"s:31:26:37:Infinity":14,"f:31:26:31:27":3,"b:32:4:32:Infinity:undefined:undefined:undefined:undefined":1,"s:32:4:32:Infinity":15,"s:32:21:32:Infinity":16,"s:33:4:33:Infinity":17,"s:34:14:34:Infinity":18,"s:35:17:35:Infinity":19,"s:36:4:36:Infinity":20,"s:39:24:41:Infinity":21,"f:39:24:39:30":4,"s:40:4:40:Infinity":22,"s:43:23:46:Infinity":23,"f:43:23:43:24":5,"s:44:4:44:Infinity":24,"s:45:4:45:Infinity":25,"s:48:2:95:Infinity":26,"f:61:22:61:23":6,"s:61:29:61:Infinity":27,"f:79:30:79:31":7,"s:80:10:86:Infinity":28,"f:83:21:83:27":8,"s:83:27:83:Infinity":29,"b:89:7:89:Infinity:90:8:93:Infinity":2,"f:92:19:92:25":9,"s:92:25:92:Infinity":30,"s:99:23:110:Infinity":31,"f:99:23:99:29":10,"s:100:2:109:Infinity":32}}}
,"C:\\Users\\sungwook hong\\Desktop\\project\\github\\react-youtube-practice\\src\\shared\\ui\\header\\Header.module.css": {"path":"C:\\Users\\sungwook hong\\Desktop\\project\\github\\react-youtube-practice\\src\\shared\\ui\\header\\Header.module.css","statementMap":{},"fnMap":{},"branchMap":{},"s":{},"f":{},"b":{},"meta":{"lastBranch":0,"lastFunction":0,"lastStatement":0,"seen":{}}}
,"C:\\Users\\sungwook hong\\Desktop\\project\\github\\react-youtube-practice\\src\\shared\\ui\\popup\\Popup.jsx": {"path":"C:\\Users\\sungwook hong\\Desktop\\project\\github\\react-youtube-practice\\src\\shared\\ui\\popup\\Popup.jsx","statementMap":{"0":{"start":{"line":4,"column":2},"end":{"line":24,"column":null}}},"fnMap":{"0":{"name":"Popup","decl":{"start":{"line":3,"column":16},"end":{"line":3,"column":22}},"loc":{"start":{"line":3,"column":41},"end":{"line":26,"column":null}},"line":3}},"branchMap":{},"s":{"0":0},"f":{"0":0},"b":{},"meta":{"lastBranch":0,"lastFunction":1,"lastStatement":1,"seen":{"f:3:16:3:22":0,"s:4:2:24:Infinity":0}}}
,"C:\\Users\\sungwook hong\\Desktop\\project\\github\\react-youtube-practice\\src\\shared\\ui\\popup\\Popup.module.css": {"path":"C:\\Users\\sungwook hong\\Desktop\\project\\github\\react-youtube-practice\\src\\shared\\ui\\popup\\Popup.module.css","statementMap":{},"fnMap":{},"branchMap":{},"s":{},"f":{},"b":{},"meta":{"lastBranch":0,"lastFunction":0,"lastStatement":0,"seen":{}}}
,"C:\\Users\\sungwook hong\\Desktop\\project\\github\\react-youtube-practice\\src\\shared\\ui\\theme\\Theme.jsx": {"path":"C:\\Users\\sungwook hong\\Desktop\\project\\github\\react-youtube-practice\\src\\shared\\ui\\theme\\Theme.jsx","statementMap":{"0":{"start":{"line":5,"column":29},"end":{"line":5,"column":null}},"1":{"start":{"line":7,"column":2},"end":{"line":27,"column":null}}},"fnMap":{"0":{"name":"Theme","decl":{"start":{"line":4,"column":16},"end":{"line":4,"column":24}},"loc":{"start":{"line":4,"column":24},"end":{"line":29,"column":null}},"line":4}},"branchMap":{},"s":{"0":16,"1":16},"f":{"0":16},"b":{},"meta":{"lastBranch":0,"lastFunction":1,"lastStatement":2,"seen":{"f:4:16:4:24":0,"s:5:29:5:Infinity":0,"s:7:2:27:Infinity":1}}}
,"C:\\Users\\sungwook hong\\Desktop\\project\\github\\react-youtube-practice\\src\\shared\\ui\\theme\\Theme.module.css": {"path":"C:\\Users\\sungwook hong\\Desktop\\project\\github\\react-youtube-practice\\src\\shared\\ui\\theme\\Theme.module.css","statementMap":{},"fnMap":{},"branchMap":{},"s":{},"f":{},"b":{},"meta":{"lastBranch":0,"lastFunction":0,"lastStatement":0,"seen":{}}}
,"C:\\Users\\sungwook hong\\Desktop\\project\\github\\react-youtube-practice\\src\\test\\utils.jsx": {"path":"C:\\Users\\sungwook hong\\Desktop\\project\\github\\react-youtube-practice\\src\\test\\utils.jsx","statementMap":{"0":{"start":{"line":8,"column":4},"end":{"line":10,"column":null}},"1":{"start":{"line":14,"column":2},"end":{"line":20,"column":null}},"2":{"start":{"line":15,"column":4},"end":{"line":18,"column":null}},"3":{"start":{"line":22,"column":2},"end":{"line":22,"column":null}},"4":{"start":{"line":26,"column":21},"end":{"line":26,"column":null}},"5":{"start":{"line":27,"column":2},"end":{"line":30,"column":null}},"6":{"start":{"line":35,"column":2},"end":{"line":44,"column":null}}},"fnMap":{"0":{"name":"withRouter","decl":{"start":{"line":6,"column":16},"end":{"line":6,"column":27}},"loc":{"start":{"line":6,"column":71},"end":{"line":23,"column":null}},"line":6},"1":{"name":"withAllContexts","decl":{"start":{"line":25,"column":16},"end":{"line":25,"column":32}},"loc":{"start":{"line":25,"column":51},"end":{"line":32,"column":null}},"line":25},"2":{"name":"createTestQueryClient","decl":{"start":{"line":34,"column":9},"end":{"line":34,"column":33}},"loc":{"start":{"line":34,"column":33},"end":{"line":45,"column":null}},"line":34},"3":{"name":"(anonymous_3)","decl":{"start":{"line":42,"column":13},"end":{"line":42,"column":19}},"loc":{"start":{"line":42,"column":19},"end":{"line":42,"column":null}},"line":42}},"branchMap":{"0":{"loc":{"start":{"line":6,"column":35},"end":{"line":6,"column":55}},"type":"default-arg","locations":[{"start":{"line":6,"column":50},"end":{"line":6,"column":55}}],"line":6},"1":{"loc":{"start":{"line":6,"column":55},"end":{"line":6,"column":71}},"type":"default-arg","locations":[{"start":{"line":6,"column":65},"end":{"line":6,"column":71}}],"line":6},"2":{"loc":{"start":{"line":14,"column":2},"end":{"line":20,"column":null}},"type":"if","locations":[{"start":{"line":14,"column":2},"end":{"line":20,"column":null}},{"start":{},"end":{}}],"line":14}},"s":{"0":9,"1":9,"2":3,"3":6,"4":3,"5":3,"6":3},"f":{"0":9,"1":3,"2":3,"3":0},"b":{"0":[9],"1":[9],"2":[3,6]},"meta":{"lastBranch":3,"lastFunction":4,"lastStatement":7,"seen":{"f:6:16:6:27":0,"b:6:50:6:55":0,"b:6:65:6:71":1,"s:8:4:10:Infinity":0,"b:14:2:20:Infinity:undefined:undefined:undefined:undefined":2,"s:14:2:20:Infinity":1,"s:15:4:18:Infinity":2,"s:22:2:22:Infinity":3,"f:25:16:25:32":1,"s:26:21:26:Infinity":4,"s:27:2:30:Infinity":5,"f:34:9:34:33":2,"s:35:2:44:Infinity":6,"f:42:13:42:19":3}}}
,"C:\\Users\\sungwook hong\\Desktop\\project\\github\\react-youtube-practice\\src\\test\\videos.js": {"path":"C:\\Users\\sungwook hong\\Desktop\\project\\github\\react-youtube-practice\\src\\test\\videos.js","statementMap":{"0":{"start":{"line":2,"column":25},"end":{"line":15,"column":1}},"1":{"start":{"line":17,"column":26},"end":{"line":46,"column":1}}},"fnMap":{},"branchMap":{},"s":{"0":1,"1":1},"f":{},"b":{},"meta":{"lastBranch":0,"lastFunction":0,"lastStatement":2,"seen":{"s:2:25:15:1":0,"s:17:26:46:1":1}}}
}
